0 info it worked if it ends with ok
1 verbose cli [ '/usr/local/bin/node',
1 verbose cli   '/usr/local/bin/npm',
1 verbose cli   'install',
1 verbose cli   '-g',
1 verbose cli   'cnpm@4.2.0' ]
2 info using npm@2.15.9
3 info using node@v4.6.0
4 verbose install initial load of /usr/local/lib/package.json
5 verbose readDependencies loading dependencies from /usr/local/lib/package.json
6 silly cache add args [ 'cnpm@4.2.0', null ]
7 verbose cache add spec cnpm@4.2.0
8 silly cache add parsed spec Result {
8 silly cache add   raw: 'cnpm@4.2.0',
8 silly cache add   scope: null,
8 silly cache add   name: 'cnpm',
8 silly cache add   rawSpec: '4.2.0',
8 silly cache add   spec: '4.2.0',
8 silly cache add   type: 'version' }
9 silly addNamed cnpm@4.2.0
10 verbose addNamed "4.2.0" is a plain semver version for cnpm
11 silly mapToRegistry name cnpm
12 silly mapToRegistry using default registry
13 silly mapToRegistry registry http://r.cnpmjs.org/
14 silly mapToRegistry data Result {
14 silly mapToRegistry   raw: 'cnpm',
14 silly mapToRegistry   scope: null,
14 silly mapToRegistry   name: 'cnpm',
14 silly mapToRegistry   rawSpec: '',
14 silly mapToRegistry   spec: 'latest',
14 silly mapToRegistry   type: 'tag' }
15 silly mapToRegistry uri http://r.cnpmjs.org/cnpm
16 verbose addNameVersion registry:http://r.cnpmjs.org/cnpm not in flight; fetching
17 verbose request uri http://r.cnpmjs.org/cnpm
18 verbose request no auth needed
19 info attempt registry request try #1 at 10:05:24
20 verbose request id 3e08269b534d6142
21 http request GET http://r.cnpmjs.org/cnpm
22 http 200 http://r.cnpmjs.org/cnpm
23 verbose headers { server: 'nginx/1.4.6 (Ubuntu)',
23 verbose headers   date: 'Sat, 03 Dec 2016 02:05:28 GMT',
23 verbose headers   'content-type': 'application/json; charset=utf-8',
23 verbose headers   'transfer-encoding': 'chunked',
23 verbose headers   connection: 'keep-alive',
23 verbose headers   'x-current-requests': '1',
23 verbose headers   'x-readtime': '41',
23 verbose headers   'strict-transport-security': 'max-age=15768000',
23 verbose headers   'content-encoding': 'gzip' }
24 silly get cb [ 200,
24 silly get   { server: 'nginx/1.4.6 (Ubuntu)',
24 silly get     date: 'Sat, 03 Dec 2016 02:05:28 GMT',
24 silly get     'content-type': 'application/json; charset=utf-8',
24 silly get     'transfer-encoding': 'chunked',
24 silly get     connection: 'keep-alive',
24 silly get     'x-current-requests': '1',
24 silly get     'x-readtime': '41',
24 silly get     'strict-transport-security': 'max-age=15768000',
24 silly get     'content-encoding': 'gzip' } ]
25 verbose get saving cnpm to /Users/wangyu/.npm/r.cnpmjs.org/cnpm/.cache.json
26 verbose correctMkdir /Users/wangyu/.npm correctMkdir not in flight; initializing
27 silly mapToRegistry name cnpm
28 silly mapToRegistry using default registry
29 silly mapToRegistry registry http://r.cnpmjs.org/
30 silly mapToRegistry data Result {
30 silly mapToRegistry   raw: 'cnpm',
30 silly mapToRegistry   scope: null,
30 silly mapToRegistry   name: 'cnpm',
30 silly mapToRegistry   rawSpec: '',
30 silly mapToRegistry   spec: 'latest',
30 silly mapToRegistry   type: 'tag' }
31 silly mapToRegistry uri http://r.cnpmjs.org/cnpm
32 verbose addRemoteTarball http://r.cnpmjs.org/cnpm/download/cnpm-4.2.0.tgz not in flight; adding
33 verbose addRemoteTarball [ 'http://r.cnpmjs.org/cnpm/download/cnpm-4.2.0.tgz',
33 verbose addRemoteTarball   '7b59c8f5c23fda615bb4fc7b84de46c4bbb4880c' ]
34 info retry fetch attempt 1 at 10:05:29
35 info attempt registry request try #1 at 10:05:29
36 http fetch GET http://r.cnpmjs.org/cnpm/download/cnpm-4.2.0.tgz
37 http fetch 200 http://r.cnpmjs.org/cnpm/download/cnpm-4.2.0.tgz
38 silly fetchAndShaCheck shasum 7b59c8f5c23fda615bb4fc7b84de46c4bbb4880c
39 verbose addTmpTarball /var/folders/0m/sy7jftqn7jg57v0_wnq52xmm0000gn/T/npm-2879-b82b3cf8/r.cnpmjs.org/cnpm/download/cnpm-4.2.0.tgz not in flight; adding
40 verbose addTmpTarball already have metadata; skipping unpack for cnpm@4.2.0
41 verbose correctMkdir /Users/wangyu/.npm correctMkdir not in flight; initializing
42 silly cache afterAdd cnpm@4.2.0
43 verbose afterAdd /Users/wangyu/.npm/cnpm/4.2.0/package/package.json not in flight; writing
44 verbose correctMkdir /Users/wangyu/.npm correctMkdir not in flight; initializing
45 verbose afterAdd /Users/wangyu/.npm/cnpm/4.2.0/package/package.json written
46 silly install resolved [ { name: 'cnpm',
46 silly install resolved     version: '4.2.0',
46 silly install resolved     description: 'cnpm: npm client for cnpmjs.org',
46 silly install resolved     main: 'bin/cnpm',
46 silly install resolved     scripts:
46 silly install resolved      { test: 'mocha test/*.test.js --timeout 60000',
46 silly install resolved        cnpm: 'npm i --registry=https://registry.npm.taobao.org' },
46 silly install resolved     preferGlobal: true,
46 silly install resolved     bin:
46 silly install resolved      { cnpm: './bin/cnpm',
46 silly install resolved        'cnpm-check': './bin/cnpm-check',
46 silly install resolved        'cnpm-sync': './bin/cnpm-sync',
46 silly install resolved        'cnpm-web': './bin/cnpm-web',
46 silly install resolved        'cnpm-user': './bin/cnpm-user',
46 silly install resolved        'cnpm-doc': './bin/cnpm-doc',
46 silly install resolved        'cnpm-search': './bin/cnpm-search' },
46 silly install resolved     dependencies:
46 silly install resolved      { 'auto-correct': '^1.0.0',
46 silly install resolved        bagpipe: '^0.3.5',
46 silly install resolved        colors: '^1.0.3',
46 silly install resolved        commander: '~2.7.1',
46 silly install resolved        'cross-spawn': '~0.2.8',
46 silly install resolved        debug: '^2.2.0',
46 silly install resolved        giturl: '^1.0.0',
46 silly install resolved        npm: '^3.8.0',
46 silly install resolved        'npm-request': '~0.0.4',
46 silly install resolved        open: '~0.0.5',
46 silly install resolved        urllib: '^2.8.0',
46 silly install resolved        npminstall: '^1.3.1' },
46 silly install resolved     devDependencies:
46 silly install resolved      { autod: '*',
46 silly install resolved        'fs-extra': '0',
46 silly install resolved        jshint: '2',
46 silly install resolved        mocha: '2',
46 silly install resolved        should: '5' },
46 silly install resolved     homepage: 'https://github.com/cnpm/cnpm',
46 silly install resolved     repository:
46 silly install resolved      { type: 'git',
46 silly install resolved        url: 'git://github.com/cnpm/cnpm.git',
46 silly install resolved        web: 'https://github.com/cnpm/cnpm' },
46 silly install resolved     bugs:
46 silly install resolved      { url: 'https://github.com/cnpm/cnpm/issues',
46 silly install resolved        email: 'm@fengmk2.com' },
46 silly install resolved     keywords: [ 'cnpm' ],
46 silly install resolved     engines: { node: '>= 4.3.2' },
46 silly install resolved     author:
46 silly install resolved      { name: 'fengmk2',
46 silly install resolved        email: 'm@fengmk2.com',
46 silly install resolved        url: 'http://fengmk2.com' },
46 silly install resolved     license: 'MIT',
46 silly install resolved     contributors: [ [Object], [Object], [Object], [Object], [Object], [Object] ],
46 silly install resolved     gitHead: '9cd002b0a00d7c984c1bd7ac1c21d57e17e8b230',
46 silly install resolved     _id: 'cnpm@4.2.0',
46 silly install resolved     _shasum: '7b59c8f5c23fda615bb4fc7b84de46c4bbb4880c',
46 silly install resolved     _from: 'cnpm@4.2.0',
46 silly install resolved     _npmVersion: '2.14.12',
46 silly install resolved     _nodeVersion: '4.3.2',
46 silly install resolved     _npmUser: { name: 'fengmk2', email: 'fengmk2@gmail.com' },
46 silly install resolved     maintainers: [ [Object], [Object], [Object] ],
46 silly install resolved     dist:
46 silly install resolved      { shasum: '7b59c8f5c23fda615bb4fc7b84de46c4bbb4880c',
46 silly install resolved        size: 9496,
46 silly install resolved        noattachment: false,
46 silly install resolved        tarball: 'http://r.cnpmjs.org/cnpm/download/cnpm-4.2.0.tgz' },
46 silly install resolved     _npmOperationalInternal:
46 silly install resolved      { host: 'packages-12-west.internal.npmjs.com',
46 silly install resolved        tmp: 'tmp/cnpm-4.2.0.tgz_1457714865359_0.37735210661776364' },
46 silly install resolved     directories: {},
46 silly install resolved     publish_time: 1457714867813,
46 silly install resolved     _cnpm_publish_time: 1457714867813,
46 silly install resolved     _resolved: 'http://r.cnpmjs.org/cnpm/download/cnpm-4.2.0.tgz' } ]
47 info install cnpm@4.2.0 into /usr/local/lib
48 info installOne cnpm@4.2.0
49 verbose installOne of cnpm to /usr/local/lib not in flight; installing
50 verbose correctMkdir /Users/wangyu/.npm/_locks correctMkdir not in flight; initializing
51 verbose lock using /Users/wangyu/.npm/_locks/cnpm-723f324a9e509f07.lock for /usr/local/lib/node_modules/cnpm
52 silly install write writing cnpm 4.2.0 to /usr/local/lib/node_modules/cnpm
53 verbose unbuild lib/node_modules/cnpm
54 silly gentlyRm /usr/local/lib/node_modules/cnpm is being purged from base /usr/local
55 verbose gentlyRm don't care about contents; nuking /usr/local/lib/node_modules/cnpm
56 verbose tar unpack /Users/wangyu/.npm/cnpm/4.2.0/package.tgz
57 verbose tar unpacking to /usr/local/lib/node_modules/cnpm
58 silly gentlyRm /usr/local/lib/node_modules/cnpm is being purged
59 verbose gentlyRm don't care about contents; nuking /usr/local/lib/node_modules/cnpm
60 silly gunzTarPerm modes [ '755', '644' ]
61 error tar.unpack untar error /Users/wangyu/.npm/cnpm/4.2.0/package.tgz
62 verbose unlock done using /Users/wangyu/.npm/_locks/cnpm-723f324a9e509f07.lock for /usr/local/lib/node_modules/cnpm
63 verbose fstream_path /usr/local/lib/node_modules/cnpm
64 verbose fstream_type Directory
65 verbose fstream_class DirWriter
66 verbose stack Error: EACCES: permission denied, mkdir '/usr/local/lib/node_modules/cnpm'
66 verbose stack     at Error (native)
67 verbose fstream_stack /usr/local/lib/node_modules/npm/node_modules/fstream/lib/dir-writer.js:35:25
67 verbose fstream_stack /usr/local/lib/node_modules/npm/node_modules/mkdirp/index.js:47:53
67 verbose fstream_stack FSReqWrap.oncomplete (fs.js:82:15)
68 verbose cwd /Users/wangyu/github/devToolsSkill
69 error Darwin 15.6.0
70 error argv "/usr/local/bin/node" "/usr/local/bin/npm" "install" "-g" "cnpm@4.2.0"
71 error node v4.6.0
72 error npm  v2.15.9
73 error path /usr/local/lib/node_modules/cnpm
74 error code EACCES
75 error errno -13
76 error syscall mkdir
77 error Error: EACCES: permission denied, mkdir '/usr/local/lib/node_modules/cnpm'
77 error     at Error (native)
77 error  { [Error: EACCES: permission denied, mkdir '/usr/local/lib/node_modules/cnpm']
77 error   errno: -13,
77 error   code: 'EACCES',
77 error   syscall: 'mkdir',
77 error   path: '/usr/local/lib/node_modules/cnpm',
77 error   fstream_type: 'Directory',
77 error   fstream_path: '/usr/local/lib/node_modules/cnpm',
77 error   fstream_class: 'DirWriter',
77 error   fstream_stack:
77 error    [ '/usr/local/lib/node_modules/npm/node_modules/fstream/lib/dir-writer.js:35:25',
77 error      '/usr/local/lib/node_modules/npm/node_modules/mkdirp/index.js:47:53',
77 error      'FSReqWrap.oncomplete (fs.js:82:15)' ] }
78 error Please try running this command again as root/Administrator.
79 verbose exit [ -13, true ]
80 verbose unbuild lib/node_modules/cnpm
81 silly gentlyRm /usr/local/lib/node_modules/cnpm is being purged from base /usr/local
82 verbose gentlyRm don't care about contents; nuking /usr/local/lib/node_modules/cnpm
